MAD_week1/build/app/intermediates/manifest_merge_blame_file/debug/manifest-merger-blame-debug-report.txt
1<?xml version="1.0" encoding="utf-8"?>
2<manifest xmlns:android="http://schemas.android.com/apk/res/android"
3    package="com.example.mad_week1"
4    android:versionCode="1"
5    android:versionName="1.0.0" >
6
7    <uses-sdk
8        android:minSdkVersion="23"
9        android:targetSdkVersion="35" />
10    <!--
11         The INTERNET permission is required for development. Specifically,
12         the Flutter tool needs it to communicate with the running application
13         to allow setting breakpoints, to provide hot reload, etc.
14    -->
15    <uses-permission android:name="android.permission.INTERNET" />
15-->src\debug\AndroidManifest.xml:6:5-66
15-->src\debug\AndroidManifest.xml:6:22-64
16    <!--
17     Required to query activities that can process text, see:
18         https://developer.android.com/training/package-visibility and
19         https://developer.android.com/reference/android/content/Intent#ACTION_PROCESS_TEXT.
20
21         In particular, this is used by the Flutter engine in io.flutter.plugin.text.ProcessTextPlugin.
22    -->
23    <queries>
23-->src\main\AndroidManifest.xml:39:5-44:15
24        <intent>
24-->src\main\AndroidManifest.xml:40:9-43:18
25            <action android:name="android.intent.action.PROCESS_TEXT" />
25-->src\main\AndroidManifest.xml:41:13-72
25-->src\main\AndroidManifest.xml:41:21-70
26
27            <data android:mimeType="text/plain" />
27-->src\main\AndroidManifest.xml:42:13-50
27-->src\main\AndroidManifest.xml:42:19-48
28        </intent>
29    </queries>
30
31    <uses-permission android:name="android.permission.CAMERA" />
31-->[:camera_android] AndroidManifest.xml:7:5-65
31-->[:camera_android] AndroidManifest.xml:7:22-62
32    <uses-permission android:name="android.permission.RECORD_AUDIO" />
32-->[:camera_android] AndroidManifest.xml:8:5-71
32-->[:camera_android] AndroidManifest.xml:8:22-68
33
34    <permission
34-->[androidx.core:core:1.13.1] AndroidManifest.xml:22:5-24:47
35        android:name="com.example.mad_week1.DYNAMIC_RECEIVER_NOT_EXPORTED_PERMISSION"
35-->[androidx.core:core:1.13.1] AndroidManifest.xml:23:9-81
36        android:protectionLevel="signature" />
36-->[androidx.core:core:1.13.1] AndroidManifest.xml:24:9-44
37
38    <uses-permission android:name="com.example.mad_week1.DYNAMIC_RECEIVER_NOT_EXPORTED_PERMISSION" />
38-->[androidx.core:core:1.13.1] AndroidManifest.xml:26:5-97
38-->[androidx.core:core:1.13.1] AndroidManifest.xml:26:22-94
39
40    <application
41        android:name="android.app.Application"
42        android:appComponentFactory="androidx.core.app.CoreComponentFactory"
42-->[androidx.core:core:1.13.1] AndroidManifest.xml:28:18-86
43        android:debuggable="true"
44        android:extractNativeLibs="false"
45        android:icon="@mipmap/ic_launcher"
46        android:label="mad_week1" >
47        <activity
48            android:name="com.example.mad_week1.MainActivity"
49            android:configChanges="orientation|keyboardHidden|keyboard|screenSize|smallestScreenSize|locale|layoutDirection|fontScale|screenLayout|density|uiMode"
50            android:exported="true"
51            android:hardwareAccelerated="true"
52            android:launchMode="singleTop"
53            android:taskAffinity=""
54            android:theme="@style/LaunchTheme"
55            android:windowSoftInputMode="adjustResize" >
56
57            <!--
58                 Specifies an Android theme to apply to this Activity as soon as
59                 the Android process has started. This theme is visible to the user
60                 while the Flutter UI initializes. After that, this theme continues
61                 to determine the Window background behind the Flutter UI.
62            -->
63            <meta-data
64                android:name="io.flutter.embedding.android.NormalTheme"
65                android:resource="@style/NormalTheme" />
66
67            <intent-filter>
68                <action android:name="android.intent.action.MAIN" />
69
70                <category android:name="android.intent.category.LAUNCHER" />
71            </intent-filter>
72        </activity>
73        <!--
74             Don't delete the meta-data below.
75             This is used by the Flutter tool to generate GeneratedPluginRegistrant.java
76        -->
77        <meta-data
78            android:name="flutterEmbedding"
79            android:value="2" />
80
81        <provider
81-->[:image_picker_android] AndroidManifest.xml:9:9-17:20
82            android:name="io.flutter.plugins.imagepicker.ImagePickerFileProvider"
82-->[:image_picker_android] AndroidManifest.xml:10:13-82
83            android:authorities="com.example.mad_week1.flutter.image_provider"
83-->[:image_picker_android] AndroidManifest.xml:11:13-74
84            android:exported="false"
84-->[:image_picker_android] AndroidManifest.xml:12:13-37
85            android:grantUriPermissions="true" >
85-->[:image_picker_android] AndroidManifest.xml:13:13-47
86            <meta-data
86-->[:image_picker_android] AndroidManifest.xml:14:13-16:75
87                android:name="android.support.FILE_PROVIDER_PATHS"
87-->[:image_picker_android] AndroidManifest.xml:15:17-67
88                android:resource="@xml/flutter_image_picker_file_paths" />
88-->[:image_picker_android] AndroidManifest.xml:16:17-72
89        </provider> <!-- Trigger Google Play services to install the backported photo picker module. -->
90        <service
90-->[:image_picker_android] AndroidManifest.xml:19:9-31:19
91            android:name="com.google.android.gms.metadata.ModuleDependencies"
91-->[:image_picker_android] AndroidManifest.xml:20:13-78
92            android:enabled="false"
92-->[:image_picker_android] AndroidManifest.xml:21:13-36
93            android:exported="false" >
93-->[:image_picker_android] AndroidManifest.xml:22:13-37
94            <intent-filter>
94-->[:image_picker_android] AndroidManifest.xml:24:13-26:29
95                <action android:name="com.google.android.gms.metadata.MODULE_DEPENDENCIES" />
95-->[:image_picker_android] AndroidManifest.xml:25:17-94
95-->[:image_picker_android] AndroidManifest.xml:25:25-91
96            </intent-filter>
97
98            <meta-data
98-->[:image_picker_android] AndroidManifest.xml:28:13-30:36
99                android:name="photopicker_activity:0:required"
99-->[:image_picker_android] AndroidManifest.xml:29:17-63
100                android:value="" />
100-->[:image_picker_android] AndroidManifest.xml:30:17-33
101        </service>
102
103        <activity
103-->[com.google.android.gms:play-services-auth:21.0.0] AndroidManifest.xml:23:9-27:75
104            android:name="com.google.android.gms.auth.api.signin.internal.SignInHubActivity"
104-->[com.google.android.gms:play-services-auth:21.0.0] AndroidManifest.xml:24:13-93
105            android:excludeFromRecents="true"
105-->[com.google.android.gms:play-services-auth:21.0.0] AndroidManifest.xml:25:13-46
106            android:exported="false"
106-->[com.google.android.gms:play-services-auth:21.0.0] AndroidManifest.xml:26:13-37
107            android:theme="@android:style/Theme.Translucent.NoTitleBar" />
107-->[com.google.android.gms:play-services-auth:21.0.0] AndroidManifest.xml:27:13-72
108        <!--
109            Service handling Google Sign-In user revocation. For apps that do not integrate with
110            Google Sign-In, this service will never be started.
111        -->
112        <service
112-->[com.google.android.gms:play-services-auth:21.0.0] AndroidManifest.xml:33:9-37:51
113            android:name="com.google.android.gms.auth.api.signin.RevocationBoundService"
113-->[com.google.android.gms:play-services-auth:21.0.0] AndroidManifest.xml:34:13-89
114            android:exported="true"
114-->[com.google.android.gms:play-services-auth:21.0.0] AndroidManifest.xml:35:13-36
115            android:permission="com.google.android.gms.auth.api.signin.permission.REVOCATION_NOTIFICATION"
115-->[com.google.android.gms:play-services-auth:21.0.0] AndroidManifest.xml:36:13-107
116            android:visibleToInstantApps="true" />
116-->[com.google.android.gms:play-services-auth:21.0.0] AndroidManifest.xml:37:13-48
117
118        <activity
118-->[com.google.android.gms:play-services-base:18.0.1] AndroidManifest.xml:20:9-22:45
119            android:name="com.google.android.gms.common.api.GoogleApiActivity"
119-->[com.google.android.gms:play-services-base:18.0.1] AndroidManifest.xml:20:19-85
120            android:exported="false"
120-->[com.google.android.gms:play-services-base:18.0.1] AndroidManifest.xml:22:19-43
121            android:theme="@android:style/Theme.Translucent.NoTitleBar" />
121-->[com.google.android.gms:play-services-base:18.0.1] AndroidManifest.xml:21:19-78
122
123        <meta-data
123-->[com.google.android.gms:play-services-basement:18.2.0] AndroidManifest.xml:21:9-23:69
124            android:name="com.google.android.gms.version"
124-->[com.google.android.gms:play-services-basement:18.2.0] AndroidManifest.xml:22:13-58
125            android:value="@integer/google_play_services_version" />
125-->[com.google.android.gms:play-services-basement:18.2.0] AndroidManifest.xml:23:13-66
126
127        <uses-library
127-->[androidx.window:window:1.2.0] AndroidManifest.xml:23:9-25:40
128            android:name="androidx.window.extensions"
128-->[androidx.window:window:1.2.0] AndroidManifest.xml:24:13-54
129            android:required="false" />
129-->[androidx.window:window:1.2.0] AndroidManifest.xml:25:13-37
130        <uses-library
130-->[androidx.window:window:1.2.0] AndroidManifest.xml:26:9-28:40
131            android:name="androidx.window.sidecar"
131-->[androidx.window:window:1.2.0] AndroidManifest.xml:27:13-51
132            android:required="false" />
132-->[androidx.window:window:1.2.0] AndroidManifest.xml:28:13-37
133
134        <provider
134-->[androidx.lifecycle:lifecycle-process:2.7.0] AndroidManifest.xml:24:9-32:20
135            android:name="androidx.startup.InitializationProvider"
135-->[androidx.lifecycle:lifecycle-process:2.7.0] AndroidManifest.xml:25:13-67
136            android:authorities="com.example.mad_week1.androidx-startup"
136-->[androidx.lifecycle:lifecycle-process:2.7.0] AndroidManifest.xml:26:13-68
137            android:exported="false" >
137-->[androidx.lifecycle:lifecycle-process:2.7.0] AndroidManifest.xml:27:13-37
138            <meta-data
138-->[androidx.lifecycle:lifecycle-process:2.7.0] AndroidManifest.xml:29:13-31:52
139                android:name="androidx.lifecycle.ProcessLifecycleInitializer"
139-->[androidx.lifecycle:lifecycle-process:2.7.0] AndroidManifest.xml:30:17-78
140                android:value="androidx.startup" />
140-->[androidx.lifecycle:lifecycle-process:2.7.0] AndroidManifest.xml:31:17-49
141            <meta-data
141-->[androidx.profileinstaller:profileinstaller:1.3.1] AndroidManifest.xml:29:13-31:52
142                android:name="androidx.profileinstaller.ProfileInstallerInitializer"
142-->[androidx.profileinstaller:profileinstaller:1.3.1] AndroidManifest.xml:30:17-85
143                android:value="androidx.startup" />
143-->[androidx.profileinstaller:profileinstaller:1.3.1] AndroidManifest.xml:31:17-49
144        </provider>
145
146        <receiver
146-->[androidx.profileinstaller:profileinstaller:1.3.1] AndroidManifest.xml:34:9-52:20
147            android:name="androidx.profileinstaller.ProfileInstallReceiver"
147-->[androidx.profileinstaller:profileinstaller:1.3.1] AndroidManifest.xml:35:13-76
148            android:directBootAware="false"
148-->[androidx.profileinstaller:profileinstaller:1.3.1] AndroidManifest.xml:36:13-44
149            android:enabled="true"
149-->[androidx.profileinstaller:profileinstaller:1.3.1] AndroidManifest.xml:37:13-35
150            android:exported="true"
150-->[androidx.profileinstaller:profileinstaller:1.3.1] AndroidManifest.xml:38:13-36
151            android:permission="android.permission.DUMP" >
151-->[androidx.profileinstaller:profileinstaller:1.3.1] AndroidManifest.xml:39:13-57
152            <intent-filter>
152-->[androidx.profileinstaller:profileinstaller:1.3.1] AndroidManifest.xml:40:13-42:29
153                <action android:name="androidx.profileinstaller.action.INSTALL_PROFILE" />
153-->[androidx.profileinstaller:profileinstaller:1.3.1] AndroidManifest.xml:41:17-91
153-->[androidx.profileinstaller:profileinstaller:1.3.1] AndroidManifest.xml:41:25-88
154            </intent-filter>
155            <intent-filter>
155-->[androidx.profileinstaller:profileinstaller:1.3.1] AndroidManifest.xml:43:13-45:29
156                <action android:name="androidx.profileinstaller.action.SKIP_FILE" />
156-->[androidx.profileinstaller:profileinstaller:1.3.1] AndroidManifest.xml:44:17-85
156-->[androidx.profileinstaller:profileinstaller:1.3.1] AndroidManifest.xml:44:25-82
157            </intent-filter>
158            <intent-filter>
158-->[androidx.profileinstaller:profileinstaller:1.3.1] AndroidManifest.xml:46:13-48:29
159                <action android:name="androidx.profileinstaller.action.SAVE_PROFILE" />
159-->[androidx.profileinstaller:profileinstaller:1.3.1] AndroidManifest.xml:47:17-88
159-->[androidx.profileinstaller:profileinstaller:1.3.1] AndroidManifest.xml:47:25-85
160            </intent-filter>
161            <intent-filter>
161-->[androidx.profileinstaller:profileinstaller:1.3.1] AndroidManifest.xml:49:13-51:29
162                <action android:name="androidx.profileinstaller.action.BENCHMARK_OPERATION" />
162-->[androidx.profileinstaller:profileinstaller:1.3.1] AndroidManifest.xml:50:17-95
162-->[androidx.profileinstaller:profileinstaller:1.3.1] AndroidManifest.xml:50:25-92
163            </intent-filter>
164        </receiver>
165    </application>
166
167</manifest>